<?xml version="1.0" encoding="UTF-8"?>
<!-- Generated by org.testng.reporters.JUnitReportReporter -->
<testsuite hostname="Home-pc" name="com.example.tests.GroupRemovalTests" tests="1" failures="0" timestamp="1 Oct 2015 20:45:30 GMT" time="1.225" errors="0">
  <testcase name="deleteSomeGroup" time="1.225" classname="com.example.tests.GroupRemovalTests"/>
</testsuite> <!-- com.example.tests.GroupRemovalTests -->
