<?xml version="1.0" encoding="UTF-8"?>
<!-- Generated by org.testng.reporters.JUnitReportReporter -->
<testsuite hostname="Home-pc" name="com.example.tests.GroupCreationTests2" tests="2" failures="0" timestamp="1 Oct 2015 18:11:43 GMT" time="4.141" errors="0">
  <testcase name="testEmptyGroupCreation" time="2.029" classname="com.example.tests.GroupCreationTests2"/>
  <testcase name="testNonEmptyGroupCreation" time="2.112" classname="com.example.tests.GroupCreationTests2"/>
</testsuite> <!-- com.example.tests.GroupCreationTests2 -->
