<?xml version="1.0" encoding="UTF-8"?>
<!-- Generated by org.testng.reporters.JUnitReportReporter -->
<testsuite hostname="Home-pc" name="com.example.tests.GroupModificationTests" tests="1" failures="0" timestamp="1 Oct 2015 20:59:03 GMT" time="2.548" errors="0">
  <testcase name="modifySomeGroup" time="2.548" classname="com.example.tests.GroupModificationTests"/>
</testsuite> <!-- com.example.tests.GroupModificationTests -->
