<?xml version="1.0" encoding="UTF-8"?>
<!-- Generated by org.testng.reporters.JUnitReportReporter -->
<testsuite hostname="Home-pc" name="com.example.tests.GroupCreationTests" tests="2" failures="0" timestamp="1 Oct 2015 18:47:21 GMT" time="4.956" errors="0">
  <testcase name="testEmptyGroupCreation" time="2.077" classname="com.example.tests.GroupCreationTests"/>
  <testcase name="testNonEmptyGroupCreation" time="2.879" classname="com.example.tests.GroupCreationTests"/>
</testsuite> <!-- com.example.tests.GroupCreationTests -->
