<?xml version="1.0" encoding="UTF-8"?>
<!-- Generated by org.testng.reporters.JUnitReportReporter -->
<testsuite hostname="Home-pc" name="com.example.tests.ContactsCreationTests" tests="2" failures="0" timestamp="1 Oct 2015 18:47:21 GMT" time="8.108" errors="0">
  <testcase name="testNonEmptyContactsCreation" time="4.122" classname="com.example.tests.ContactsCreationTests"/>
  <testcase name="testNonEmptyContactsCreation2" time="3.986" classname="com.example.tests.ContactsCreationTests"/>
</testsuite> <!-- com.example.tests.ContactsCreationTests -->
